<?xml version="1.0" encoding="UTF-8"?>
<testng-results ignored="0" total="1" passed="1" failed="0" skipped="0">
  <reporter-output>
  </reporter-output>
  <suite started-at="2023-03-24T11:58:44 IST" name="Default suite" finished-at="2023-03-24T11:59:23 IST" duration-ms="39552">
    <groups>
      <group name="cucumber">
        <method signature="AbstractTestNGCucumberTests.runScenario(io.cucumber.testng.PickleWrapper,io.cucumber.testng.FeatureWrapper)[pri:0, instance:runner.Run@5e7cd6cc]" name="runScenario" class="io.cucumber.testng.AbstractTestNGCucumberTests"/>
      </group> <!-- cucumber -->
    </groups>
    <test started-at="2023-03-24T11:58:44 IST" name="Default test" finished-at="2023-03-24T11:59:23 IST" duration-ms="39552">
      <class name="runner.Run">
        <test-method is-config="true" signature="setUpClass(org.testng.ITestContext)[pri:0, instance:runner.Run@5e7cd6cc]" started-at="2023-03-24T11:58:44 IST" name="setUpClass" finished-at="2023-03-24T11:58:44 IST" duration-ms="414" status="PASS">
          <params>
            <param index="0">
              <value>
                <![CDATA[org.testng.TestRunner@4c5228e7]]>
              </value>
            </param>
          </params>
          <reporter-output>
          </reporter-output>
        </test-method> <!-- setUpClass -->
        <test-method signature="runScenario(io.cucumber.testng.PickleWrapper,io.cucumber.testng.FeatureWrapper)[pri:0, instance:runner.Run@5e7cd6cc]" started-at="2023-03-24T11:58:44 IST" name="runScenario" description="Runs Cucumber Scenarios" data-provider="scenarios" finished-at="2023-03-24T11:59:23 IST" duration-ms="39062" status="PASS">
          <params>
            <param index="0">
              <value>
                <![CDATA["Test the login page of amazon with valid creditinals and serach the phone and add to cart"]]>
              </value>
            </param>
            <param index="1">
              <value>
                <![CDATA["Optional[Test the amazon page]"]]>
              </value>
            </param>
          </params>
          <reporter-output>
          </reporter-output>
        </test-method> <!-- runScenario -->
        <test-method is-config="true" signature="tearDownClass()[pri:0, instance:runner.Run@5e7cd6cc]" started-at="2023-03-24T11:59:23 IST" name="tearDownClass" finished-at="2023-03-24T11:59:23 IST" duration-ms="14" status="PASS">
          <reporter-output>
          </reporter-output>
        </test-method> <!-- tearDownClass -->
      </class> <!-- runner.Run -->
    </test> <!-- Default test -->
  </suite> <!-- Default suite -->
</testng-results>
